<?xml version="1.0" encoding="UTF-8"?>
<testng-results ignored="1" total="2" passed="1" failed="0" skipped="0">
  <reporter-output>
  </reporter-output>
  <suite started-at="2022-12-03T22:54:09 IST" name="Default suite" finished-at="2022-12-03T22:54:14 IST" duration-ms="5545">
    <groups>
    </groups>
    <test started-at="2022-12-03T22:54:09 IST" name="Default test" finished-at="2022-12-03T22:54:14 IST" duration-ms="5545">
      <class name="testRest.PUT">
        <test-method signature="putUserData1()[pri:0, instance:testRest.PUT@5223e5ee]" started-at="2022-12-03T22:54:09 IST" name="putUserData1" finished-at="2022-12-03T22:54:14 IST" duration-ms="5450" status="PASS">
          <reporter-output>
          </reporter-output>
        </test-method> <!-- putUserData1 -->
      </class> <!-- testRest.PUT -->
    </test> <!-- Default test -->
  </suite> <!-- Default suite -->
</testng-results>
